  controlleur.c
C:\Users\qrecco\source\repos\Partielle\Partielle\controlleur.c(11,29): warning C4047: '=' : les niveaux d'indirection de 'int *' et de 'int' sont différents
C:\Users\qrecco\source\repos\Partielle\Partielle\controlleur.c(14,30): warning C4047: '=' : les niveaux d'indirection de 'int *' et de 'int' sont différents
C:\Users\qrecco\source\repos\Partielle\Partielle\controlleur.c(17,27): warning C4047: '=' : les niveaux d'indirection de 'int *' et de 'int' sont différents
C:\Users\qrecco\source\repos\Partielle\Partielle\controlleur.c(20,29): warning C4047: '=' : les niveaux d'indirection de 'int *' et de 'int' sont différents
C:\Users\qrecco\source\repos\Partielle\Partielle\controlleur.c(38,44): warning C4047: 'fonction' : les niveaux d'indirection de 'int *' et de 'int' sont différents
C:\Users\qrecco\source\repos\Partielle\Partielle\controlleur.c(38,34): warning C4024: 'mouvement' : types différents pour le paramètre formel et réel 2
C:\Users\qrecco\source\repos\Partielle\Partielle\controlleur.c(38,58): warning C4047: 'fonction' : les niveaux d'indirection de 'int *' et de 'int' sont différents
C:\Users\qrecco\source\repos\Partielle\Partielle\controlleur.c(38,46): warning C4024: 'mouvement' : types différents pour le paramètre formel et réel 3
C:\Users\qrecco\source\repos\Partielle\Partielle\controlleur.c(38,73): warning C4047: 'fonction' : les niveaux d'indirection de 'int *' et de 'int' sont différents
C:\Users\qrecco\source\repos\Partielle\Partielle\controlleur.c(38,60): warning C4024: 'mouvement' : types différents pour le paramètre formel et réel 4
C:\Users\qrecco\source\repos\Partielle\Partielle\controlleur.c(38,87): warning C4047: 'fonction' : les niveaux d'indirection de 'int *' et de 'int' sont différents
C:\Users\qrecco\source\repos\Partielle\Partielle\controlleur.c(38,75): warning C4024: 'mouvement' : types différents pour le paramètre formel et réel 5
C:\Users\qrecco\source\repos\Partielle\Partielle\controlleur.c(41,44): warning C4047: 'fonction' : les niveaux d'indirection de 'int *' et de 'int' sont différents
C:\Users\qrecco\source\repos\Partielle\Partielle\controlleur.c(41,34): warning C4024: 'mouvement' : types différents pour le paramètre formel et réel 2
C:\Users\qrecco\source\repos\Partielle\Partielle\controlleur.c(41,58): warning C4047: 'fonction' : les niveaux d'indirection de 'int *' et de 'int' sont différents
C:\Users\qrecco\source\repos\Partielle\Partielle\controlleur.c(41,46): warning C4024: 'mouvement' : types différents pour le paramètre formel et réel 3
C:\Users\qrecco\source\repos\Partielle\Partielle\controlleur.c(41,73): warning C4047: 'fonction' : les niveaux d'indirection de 'int *' et de 'int' sont différents
C:\Users\qrecco\source\repos\Partielle\Partielle\controlleur.c(41,60): warning C4024: 'mouvement' : types différents pour le paramètre formel et réel 4
C:\Users\qrecco\source\repos\Partielle\Partielle\controlleur.c(41,87): warning C4047: 'fonction' : les niveaux d'indirection de 'int *' et de 'int' sont différents
C:\Users\qrecco\source\repos\Partielle\Partielle\controlleur.c(41,75): warning C4024: 'mouvement' : types différents pour le paramètre formel et réel 5
C:\Users\qrecco\source\repos\Partielle\Partielle\controlleur.c(44,22): warning C4047: '==' : les niveaux d'indirection de 'int *' et de 'int' sont différents
C:\Users\qrecco\source\repos\Partielle\Partielle\controlleur.c(49,29): warning C4047: '==' : les niveaux d'indirection de 'int *' et de 'int' sont différents
C:\Users\qrecco\source\repos\Partielle\Partielle\controlleur.c(54,26): warning C4047: '==' : les niveaux d'indirection de 'int *' et de 'int' sont différents
C:\Users\qrecco\source\repos\Partielle\Partielle\controlleur.c(59,31): warning C4047: '==' : les niveaux d'indirection de 'int *' et de 'int' sont différents
C:\Users\qrecco\source\repos\Partielle\Partielle\controlleur.c(65,27): warning C4047: '==' : les niveaux d'indirection de 'int *' et de 'int' sont différents
C:\Users\qrecco\source\repos\Partielle\Partielle\controlleur.c(70,32): warning C4047: '==' : les niveaux d'indirection de 'int *' et de 'int' sont différents
C:\Users\qrecco\source\repos\Partielle\Partielle\controlleur.c(75,26): warning C4047: '==' : les niveaux d'indirection de 'int *' et de 'int' sont différents
C:\Users\qrecco\source\repos\Partielle\Partielle\controlleur.c(80,31): warning C4047: '==' : les niveaux d'indirection de 'int *' et de 'int' sont différents
  Partielle.vcxproj -> C:\Users\qrecco\source\repos\Partielle\x64\Debug\Partielle.exe
